2024-05-25 18:21:14,259:INFO:Starting ETL process
2024-05-25 18:21:14,259:INFO:Starting data extraction
2024-05-25 18:21:14,294:INFO:Data extraction completed
2024-05-25 18:21:14,339:INFO:Starting data transformation
2024-05-25 18:21:14,339:INFO:Data transformation completed
2024-05-25 18:21:14,339:INFO:Loading data to table clientes
2024-05-25 18:21:14,527:INFO:Data loaded to table clientes
2024-05-25 18:21:14,527:INFO:Starting data transformation
2024-05-25 18:21:14,527:INFO:Data transformation completed
2024-05-25 18:21:14,527:INFO:Loading data to table territorio_1
2024-05-25 18:21:14,564:INFO:Data loaded to table territorio_1
2024-05-25 18:21:14,564:INFO:Starting data transformation
2024-05-25 18:21:14,564:INFO:Data transformation completed
2024-05-25 18:21:14,564:INFO:Loading data to table territorio_2
2024-05-25 18:21:14,601:INFO:Data loaded to table territorio_2
2024-05-25 18:21:14,601:INFO:Starting data transformation
2024-05-25 18:21:14,601:INFO:Data transformation completed
2024-05-25 18:21:14,601:INFO:Loading data to table venta
2024-05-25 18:21:14,732:INFO:Data loaded to table venta
2024-05-25 18:21:14,733:INFO:ETL process completed
2024-05-25 18:21:14,733:INFO:Starting file moving
2024-05-25 18:21:14,736:INFO:File moving completed
2024-05-25 18:33:13,927:INFO:Starting ETL process
2024-05-25 18:33:13,928:INFO:Starting data extraction
2024-05-25 18:33:13,928:INFO:Data extraction completed
2024-05-25 18:33:13,989:INFO:ETL process completed
2024-05-25 18:33:13,989:INFO:Starting file moving
2024-05-25 18:33:13,989:INFO:File moving completed
2024-05-25 18:36:02,622:INFO:Starting ETL process
2024-05-25 18:36:02,622:INFO:Starting data extraction
2024-05-25 18:36:02,622:INFO:Data extraction completed
2024-05-25 18:36:02,666:INFO:ETL process completed
2024-05-25 18:36:02,666:INFO:Starting file moving
2024-05-25 18:36:02,666:INFO:File moving completed
2024-05-26 22:36:14,432:INFO:Starting ETL process
2024-05-26 22:36:14,432:INFO:Starting data extraction
2024-05-26 22:36:14,432:INFO:Data extraction completed
2024-05-26 22:36:14,492:INFO:ETL process completed
2024-05-26 22:36:14,492:INFO:Starting file moving
2024-05-26 22:36:14,492:INFO:File moving completed
2024-05-26 22:43:02,320:INFO:Starting ETL process
2024-05-26 22:43:02,320:INFO:Starting data extraction
2024-05-26 22:43:02,320:INFO:Data extraction completed
2024-05-26 22:43:02,367:INFO:ETL process completed
2024-05-26 22:43:02,368:INFO:Starting file moving
2024-05-26 22:43:02,368:INFO:File moving completed
2024-05-26 22:43:44,137:INFO:Starting ETL process
2024-05-26 22:43:44,137:INFO:Starting data extraction
2024-05-26 22:43:44,137:INFO:Data extraction completed
2024-05-26 22:43:44,184:INFO:ETL process completed
2024-05-26 22:43:44,184:INFO:Starting file moving
2024-05-26 22:43:44,185:INFO:File moving completed
2024-05-26 22:49:33,667:INFO:Starting ETL process
2024-05-26 22:49:33,667:INFO:Starting data extraction
2024-05-26 22:49:33,667:INFO:Data extraction completed
2024-05-26 22:49:33,710:INFO:ETL process completed
2024-05-26 22:49:33,710:INFO:Starting file moving
2024-05-26 22:49:33,710:INFO:File moving completed
2024-05-26 22:53:01,444:INFO:Starting ETL process
2024-05-26 22:53:01,444:INFO:Starting data extraction
2024-05-26 22:53:01,445:INFO:Data extraction completed
2024-05-26 22:53:01,488:INFO:ETL process completed
2024-05-26 22:53:01,488:INFO:Starting file moving
2024-05-26 22:53:01,488:INFO:File moving completed
2024-05-26 22:55:04,012:INFO:Starting ETL process
2024-05-26 22:55:04,013:INFO:Starting data extraction
2024-05-26 22:55:04,013:INFO:Data extraction completed
2024-05-26 22:55:04,107:INFO:ETL process completed
2024-05-26 22:55:04,107:INFO:Starting file moving
2024-05-26 22:55:04,108:INFO:File moving completed
2024-05-26 23:53:48,344:INFO:Starting ETL process
2024-05-26 23:53:48,344:INFO:Starting data extraction
2024-05-26 23:53:48,345:INFO:Data extraction completed
2024-05-26 23:53:48,386:INFO:ETL process completed
2024-05-26 23:53:48,386:INFO:Starting file moving
2024-05-26 23:53:48,386:INFO:File moving completed
2024-05-27 00:00:19,116:INFO:Starting ETL process
2024-05-27 00:00:19,116:INFO:Starting data extraction
2024-05-27 00:00:19,116:INFO:Data extraction completed
2024-05-27 00:00:19,162:INFO:ETL process completed
2024-05-27 00:00:19,162:INFO:Starting file moving
2024-05-27 00:00:19,162:INFO:File moving completed
2024-05-27 00:33:21,453:INFO:Starting ETL process
2024-05-27 00:33:21,453:INFO:Starting data extraction
2024-05-27 00:33:21,453:INFO:Data extraction completed
2024-05-27 00:33:21,514:INFO:ETL process completed
2024-05-27 00:33:21,514:INFO:Starting file moving
2024-05-27 00:33:21,515:INFO:File moving completed
